This file contains any messages produced by compilers while
running configure, to aid debugging if configure makes a mistake.

It was created by DHCP configure 4.2.7, which was
generated by GNU Autoconf 2.69.  Invocation command line was

  $ ./configure --prefix=/opt/micro_ac/runtime/dhcpd --enable-dhcpv6

## --------- ##
## Platform. ##
## --------- ##

hostname = localhost.localdomain
uname -m = x86_64
uname -r = 3.10.0-123.el7.x86_64
uname -s = Linux
uname -v = #1 SMP Mon Jun 30 12:09:22 UTC 2014

/usr/bin/uname -p = x86_64
/bin/uname -X     = unknown

/bin/arch              = x86_64
/usr/bin/arch -k       = unknown
/usr/convex/getsysinfo = unknown
/usr/bin/hostinfo      = unknown
/bin/machine           = unknown
/usr/bin/oslevel       = unknown
/bin/universe          = unknown

PATH: /usr/local/sbin
PATH: /usr/local/bin
PATH: /usr/sbin
PATH: /usr/bin
PATH: /root/bin


## ----------- ##
## Core tests. ##
## ----------- ##

configure:2725: checking for a BSD-compatible install
configure:2793: result: /usr/bin/install -c
configure:2804: checking whether build environment is sane
configure:2859: result: yes
configure:3010: checking for a thread-safe mkdir -p
configure:3049: result: /usr/bin/mkdir -p
configure:3056: checking for gawk
configure:3072: found /usr/bin/gawk
configure:3083: result: gawk
configure:3094: checking whether make sets $(MAKE)
configure:3116: result: yes
configure:3145: checking whether make supports nested variables
configure:3162: result: yes
configure:3294: checking whether to enable maintainer-specific portions of Makefiles
configure:3303: result: no
configure:3321: checking build system type
configure:3335: result: x86_64-unknown-linux-gnu
configure:3355: checking host system type
configure:3368: result: x86_64-unknown-linux-gnu
configure:3443: checking for gcc
configure:3459: found /usr/bin/gcc
configure:3470: result: gcc
configure:3699: checking for C compiler version
configure:3708: gcc --version >&5
gcc (GCC) 4.8.2 20140120 (Red Hat 4.8.2-16)
Copyright (C) 2013 Free Software Foundation, Inc.
This is free software; see the source for copying conditions.  There is NO
warranty; not even for MERCHANTABILITY or FITNESS FOR A PARTICULAR PURPOSE.

configure:3719: $? = 0
configure:3708: gcc -v >&5
Using built-in specs.
COLLECT_GCC=gcc
COLLECT_LTO_WRAPPER=/usr/libexec/gcc/x86_64-redhat-linux/4.8.2/lto-wrapper
Target: x86_64-redhat-linux
Configured with: ../configure --prefix=/usr --mandir=/usr/share/man --infodir=/usr/share/info --with-bugurl=http://bugzilla.redhat.com/bugzilla --enable-bootstrap --enable-shared --enable-threads=posix --enable-checking=release --with-system-zlib --enable-__cxa_atexit --disable-libunwind-exceptions --enable-gnu-unique-object --enable-linker-build-id --with-linker-hash-style=gnu --enable-languages=c,c++,objc,obj-c++,java,fortran,ada,go,lto --enable-plugin --enable-initfini-array --disable-libgcj --with-isl=/builddir/build/BUILD/gcc-4.8.2-20140120/obj-x86_64-redhat-linux/isl-install --with-cloog=/builddir/build/BUILD/gcc-4.8.2-20140120/obj-x86_64-redhat-linux/cloog-install --enable-gnu-indirect-function --with-tune=generic --with-arch_32=x86-64 --build=x86_64-redhat-linux
Thread model: posix
gcc version 4.8.2 20140120 (Red Hat 4.8.2-16) (GCC) 
configure:3719: $? = 0
configure:3708: gcc -V >&5
gcc: error: unrecognized command line option '-V'
gcc: fatal error: no input files
compilation terminated.
configure:3719: $? = 4
configure:3708: gcc -qversion >&5
gcc: error: unrecognized command line option '-qversion'
gcc: fatal error: no input files
compilation terminated.
configure:3719: $? = 4
configure:3739: checking whether the C compiler works
configure:3761: gcc    conftest.c  >&5
configure:3765: $? = 0
configure:3813: result: yes
configure:3816: checking for C compiler default output file name
configure:3818: result: a.out
configure:3824: checking for suffix of executables
configure:3831: gcc -o conftest    conftest.c  >&5
configure:3835: $? = 0
configure:3857: result: 
configure:3879: checking whether we are cross compiling
configure:3887: gcc -o conftest    conftest.c  >&5
configure:3891: $? = 0
configure:3898: ./conftest
configure:3902: $? = 0
configure:3917: result: no
configure:3922: checking for suffix of object files
configure:3944: gcc -c   conftest.c >&5
configure:3948: $? = 0
configure:3969: result: o
configure:3973: checking whether we are using the GNU C compiler
configure:3992: gcc -c   conftest.c >&5
configure:3992: $? = 0
configure:4001: result: yes
configure:4010: checking whether gcc accepts -g
configure:4030: gcc -c -g  conftest.c >&5
configure:4030: $? = 0
configure:4071: result: yes
configure:4088: checking for gcc option to accept ISO C89
configure:4151: gcc  -c -g -O2  conftest.c >&5
configure:4151: $? = 0
configure:4164: result: none needed
configure:4189: checking whether gcc understands -c and -o together
configure:4211: gcc -c conftest.c -o conftest2.o
configure:4214: $? = 0
configure:4211: gcc -c conftest.c -o conftest2.o
configure:4214: $? = 0
configure:4226: result: yes
configure:4254: checking for style of include used by make
configure:4282: result: GNU
configure:4308: checking dependency style of gcc
configure:4419: result: gcc3
configure:4457: checking how to run the C preprocessor
configure:4488: gcc -E  conftest.c
configure:4488: $? = 0
configure:4502: gcc -E  conftest.c
conftest.c:11:28: fatal error: ac_nonexistent.h: No such file or directory
 #include <ac_nonexistent.h>
                            ^
compilation terminated.
configure:4502: $? = 1
configure: failed program was:
| /* confdefs.h */
| #define PACKAGE_NAME "DHCP"
| #define PACKAGE_TARNAME "dhcp"
| #define PACKAGE_VERSION "4.2.7"
| #define PACKAGE_STRING "DHCP 4.2.7"
| #define PACKAGE_BUGREPORT "dhcp-users@isc.org"
| #define PACKAGE_URL ""
| #define PACKAGE "dhcp"
| #define VERSION "4.2.7"
| /* end confdefs.h.  */
| #include <ac_nonexistent.h>
configure:4527: result: gcc -E
configure:4547: gcc -E  conftest.c
configure:4547: $? = 0
configure:4561: gcc -E  conftest.c
conftest.c:11:28: fatal error: ac_nonexistent.h: No such file or directory
 #include <ac_nonexistent.h>
                            ^
compilation terminated.
configure:4561: $? = 1
configure: failed program was:
| /* confdefs.h */
| #define PACKAGE_NAME "DHCP"
| #define PACKAGE_TARNAME "dhcp"
| #define PACKAGE_VERSION "4.2.7"
| #define PACKAGE_STRING "DHCP 4.2.7"
| #define PACKAGE_BUGREPORT "dhcp-users@isc.org"
| #define PACKAGE_URL ""
| #define PACKAGE "dhcp"
| #define VERSION "4.2.7"
| /* end confdefs.h.  */
| #include <ac_nonexistent.h>
configure:4590: checking for grep that handles long lines and -e
configure:4648: result: /usr/bin/grep
configure:4653: checking for egrep
configure:4715: result: /usr/bin/grep -E
configure:4720: checking for ANSI C header files
configure:4740: gcc -c -g -O2  conftest.c >&5
configure:4740: $? = 0
configure:4813: gcc -o conftest -g -O2   conftest.c  >&5
configure:4813: $? = 0
configure:4813: ./conftest
configure:4813: $? = 0
configure:4824: result: yes
configure:4837: checking for sys/types.h
configure:4837: gcc -c -g -O2  conftest.c >&5
configure:4837: $? = 0
configure:4837: result: yes
configure:4837: checking for sys/stat.h
configure:4837: gcc -c -g -O2  conftest.c >&5
configure:4837: $? = 0
configure:4837: result: yes
configure:4837: checking for stdlib.h
configure:4837: gcc -c -g -O2  conftest.c >&5
configure:4837: $? = 0
configure:4837: result: yes
configure:4837: checking for string.h
configure:4837: gcc -c -g -O2  conftest.c >&5
configure:4837: $? = 0
configure:4837: result: yes
configure:4837: checking for memory.h
configure:4837: gcc -c -g -O2  conftest.c >&5
configure:4837: $? = 0
configure:4837: result: yes
configure:4837: checking for strings.h
configure:4837: gcc -c -g -O2  conftest.c >&5
configure:4837: $? = 0
configure:4837: result: yes
configure:4837: checking for inttypes.h
configure:4837: gcc -c -g -O2  conftest.c >&5
configure:4837: $? = 0
configure:4837: result: yes
configure:4837: checking for stdint.h
configure:4837: gcc -c -g -O2  conftest.c >&5
configure:4837: $? = 0
configure:4837: result: yes
configure:4837: checking for unistd.h
configure:4837: gcc -c -g -O2  conftest.c >&5
configure:4837: $? = 0
configure:4837: result: yes
configure:4850: checking minix/config.h usability
configure:4850: gcc -c -g -O2  conftest.c >&5
conftest.c:54:26: fatal error: minix/config.h: No such file or directory
 #include <minix/config.h>
                          ^
compilation terminated.
configure:4850: $? = 1
configure: failed program was:
| /* confdefs.h */
| #define PACKAGE_NAME "DHCP"
| #define PACKAGE_TARNAME "dhcp"
| #define PACKAGE_VERSION "4.2.7"
| #define PACKAGE_STRING "DHCP 4.2.7"
| #define PACKAGE_BUGREPORT "dhcp-users@isc.org"
| #define PACKAGE_URL ""
| #define PACKAGE "dhcp"
| #define VERSION "4.2.7"
| #define STDC_HEADERS 1
| #define HAVE_SYS_TYPES_H 1
| #define HAVE_SYS_STAT_H 1
| #define HAVE_STDLIB_H 1
| #define HAVE_STRING_H 1
| #define HAVE_MEMORY_H 1
| #define HAVE_STRINGS_H 1
| #define HAVE_INTTYPES_H 1
| #define HAVE_STDINT_H 1
| #define HAVE_UNISTD_H 1
| /* end confdefs.h.  */
| #include <stdio.h>
| #ifdef HAVE_SYS_TYPES_H
| # include <sys/types.h>
| #endif
| #ifdef HAVE_SYS_STAT_H
| # include <sys/stat.h>
| #endif
| #ifdef STDC_HEADERS
| # include <stdlib.h>
| # include <stddef.h>
| #else
| # ifdef HAVE_STDLIB_H
| #  include <stdlib.h>
| # endif
| #endif
| #ifdef HAVE_STRING_H
| # if !defined STDC_HEADERS && defined HAVE_MEMORY_H
| #  include <memory.h>
| # endif
| # include <string.h>
| #endif
| #ifdef HAVE_STRINGS_H
| # include <strings.h>
| #endif
| #ifdef HAVE_INTTYPES_H
| # include <inttypes.h>
| #endif
| #ifdef HAVE_STDINT_H
| # include <stdint.h>
| #endif
| #ifdef HAVE_UNISTD_H
| # include <unistd.h>
| #endif
| #include <minix/config.h>
configure:4850: result: no
configure:4850: checking minix/config.h presence
configure:4850: gcc -E  conftest.c
conftest.c:21:26: fatal error: minix/config.h: No such file or directory
 #include <minix/config.h>
                          ^
compilation terminated.
configure:4850: $? = 1
configure: failed program was:
| /* confdefs.h */
| #define PACKAGE_NAME "DHCP"
| #define PACKAGE_TARNAME "dhcp"
| #define PACKAGE_VERSION "4.2.7"
| #define PACKAGE_STRING "DHCP 4.2.7"
| #define PACKAGE_BUGREPORT "dhcp-users@isc.org"
| #define PACKAGE_URL ""
| #define PACKAGE "dhcp"
| #define VERSION "4.2.7"
| #define STDC_HEADERS 1
| #define HAVE_SYS_TYPES_H 1
| #define HAVE_SYS_STAT_H 1
| #define HAVE_STDLIB_H 1
| #define HAVE_STRING_H 1
| #define HAVE_MEMORY_H 1
| #define HAVE_STRINGS_H 1
| #define HAVE_INTTYPES_H 1
| #define HAVE_STDINT_H 1
| #define HAVE_UNISTD_H 1
| /* end confdefs.h.  */
| #include <minix/config.h>
configure:4850: result: no
configure:4850: checking for minix/config.h
configure:4850: result: no
configure:4871: checking whether it is safe to define __EXTENSIONS__
configure:4889: gcc -c -g -O2  conftest.c >&5
configure:4889: $? = 0
configure:4896: result: yes
configure:4954: checking for ranlib
configure:4970: found /usr/bin/ranlib
configure:4981: result: ranlib
configure:5007: checking whether byte ordering is bigendian
configure:5022: gcc -c -g -O2  conftest.c >&5
conftest.c:27:9: error: unknown type name 'not'
         not a universal capable compiler
         ^
conftest.c:27:15: error: expected '=', ',', ';', 'asm' or '__attribute__' before 'universal'
         not a universal capable compiler
               ^
conftest.c:27:15: error: unknown type name 'universal'
configure:5022: $? = 1
configure: failed program was:
| /* confdefs.h */
| #define PACKAGE_NAME "DHCP"
| #define PACKAGE_TARNAME "dhcp"
| #define PACKAGE_VERSION "4.2.7"
| #define PACKAGE_STRING "DHCP 4.2.7"
| #define PACKAGE_BUGREPORT "dhcp-users@isc.org"
| #define PACKAGE_URL ""
| #define PACKAGE "dhcp"
| #define VERSION "4.2.7"
| #define STDC_HEADERS 1
| #define HAVE_SYS_TYPES_H 1
| #define HAVE_SYS_STAT_H 1
| #define HAVE_STDLIB_H 1
| #define HAVE_STRING_H 1
| #define HAVE_MEMORY_H 1
| #define HAVE_STRINGS_H 1
| #define HAVE_INTTYPES_H 1
| #define HAVE_STDINT_H 1
| #define HAVE_UNISTD_H 1
| #define __EXTENSIONS__ 1
| #define _ALL_SOURCE 1
| #define _GNU_SOURCE 1
| #define _POSIX_PTHREAD_SEMANTICS 1
| #define _TANDEM_SOURCE 1
| /* end confdefs.h.  */
| #ifndef __APPLE_CC__
| 	       not a universal capable compiler
| 	     #endif
| 	     typedef int dummy;
| 
configure:5067: gcc -c -g -O2  conftest.c >&5
configure:5067: $? = 0
configure:5085: gcc -c -g -O2  conftest.c >&5
conftest.c: In function 'main':
conftest.c:33:4: error: unknown type name 'not'
    not big endian
    ^
conftest.c:33:12: error: expected '=', ',', ';', 'asm' or '__attribute__' before 'endian'
    not big endian
            ^
configure:5085: $? = 1
configure: failed program was:
| /* confdefs.h */
| #define PACKAGE_NAME "DHCP"
| #define PACKAGE_TARNAME "dhcp"
| #define PACKAGE_VERSION "4.2.7"
| #define PACKAGE_STRING "DHCP 4.2.7"
| #define PACKAGE_BUGREPORT "dhcp-users@isc.org"
| #define PACKAGE_URL ""
| #define PACKAGE "dhcp"
| #define VERSION "4.2.7"
| #define STDC_HEADERS 1
| #define HAVE_SYS_TYPES_H 1
| #define HAVE_SYS_STAT_H 1
| #define HAVE_STDLIB_H 1
| #define HAVE_STRING_H 1
| #define HAVE_MEMORY_H 1
| #define HAVE_STRINGS_H 1
| #define HAVE_INTTYPES_H 1
| #define HAVE_STDINT_H 1
| #define HAVE_UNISTD_H 1
| #define __EXTENSIONS__ 1
| #define _ALL_SOURCE 1
| #define _GNU_SOURCE 1
| #define _POSIX_PTHREAD_SEMANTICS 1
| #define _TANDEM_SOURCE 1
| /* end confdefs.h.  */
| #include <sys/types.h>
| 		#include <sys/param.h>
| 
| int
| main ()
| {
| #if BYTE_ORDER != BIG_ENDIAN
| 		 not big endian
| 		#endif
| 
|   ;
|   return 0;
| }
configure:5213: result: no
configure:5783: checking for int8_t
configure:5783: gcc -c -g -O2  conftest.c >&5
configure:5783: $? = 0
configure:5783: gcc -c -g -O2  conftest.c >&5
conftest.c: In function 'main':
conftest.c:68:12: error: size of array 'test_array' is negative
 static int test_array [1 - 2 * !((int8_t) (((((int8_t) 1 << N) << N) - 1) * 2 + 1)
            ^
configure:5783: $? = 1
configure: failed program was:
| /* confdefs.h */
| #define PACKAGE_NAME "DHCP"
| #define PACKAGE_TARNAME "dhcp"
| #define PACKAGE_VERSION "4.2.7"
| #define PACKAGE_STRING "DHCP 4.2.7"
| #define PACKAGE_BUGREPORT "dhcp-users@isc.org"
| #define PACKAGE_URL ""
| #define PACKAGE "dhcp"
| #define VERSION "4.2.7"
| #define STDC_HEADERS 1
| #define HAVE_SYS_TYPES_H 1
| #define HAVE_SYS_STAT_H 1
| #define HAVE_STDLIB_H 1
| #define HAVE_STRING_H 1
| #define HAVE_MEMORY_H 1
| #define HAVE_STRINGS_H 1
| #define HAVE_INTTYPES_H 1
| #define HAVE_STDINT_H 1
| #define HAVE_UNISTD_H 1
| #define __EXTENSIONS__ 1
| #define _ALL_SOURCE 1
| #define _GNU_SOURCE 1
| #define _POSIX_PTHREAD_SEMANTICS 1
| #define _TANDEM_SOURCE 1
| #define DHCP_BYTE_ORDER LITTLE_ENDIAN
| #define FAILOVER_PROTOCOL 1
| #define ENABLE_EXECUTE 1
| #define TRACING 1
| #define DHCPv6 1
| /* end confdefs.h.  */
| #include <stdio.h>
| #ifdef HAVE_SYS_TYPES_H
| # include <sys/types.h>
| #endif
| #ifdef HAVE_SYS_STAT_H
| # include <sys/stat.h>
| #endif
| #ifdef STDC_HEADERS
| # include <stdlib.h>
| # include <stddef.h>
| #else
| # ifdef HAVE_STDLIB_H
| #  include <stdlib.h>
| # endif
| #endif
| #ifdef HAVE_STRING_H
| # if !defined STDC_HEADERS && defined HAVE_MEMORY_H
| #  include <memory.h>
| # endif
| # include <string.h>
| #endif
| #ifdef HAVE_STRINGS_H
| # include <strings.h>
| #endif
| #ifdef HAVE_INTTYPES_H
| # include <inttypes.h>
| #endif
| #ifdef HAVE_STDINT_H
| # include <stdint.h>
| #endif
| #ifdef HAVE_UNISTD_H
| # include <unistd.h>
| #endif
| 	        enum { N = 8 / 2 - 1 };
| int
| main ()
| {
| static int test_array [1 - 2 * !((int8_t) (((((int8_t) 1 << N) << N) - 1) * 2 + 1)
| 		 < (int8_t) (((((int8_t) 1 << N) << N) - 1) * 2 + 2))];
| test_array [0] = 0;
| return test_array [0];
| 
|   ;
|   return 0;
| }
configure:5783: result: yes
configure:5794: checking for int16_t
configure:5794: gcc -c -g -O2  conftest.c >&5
configure:5794: $? = 0
configure:5794: gcc -c -g -O2  conftest.c >&5
conftest.c: In function 'main':
conftest.c:68:12: error: size of array 'test_array' is negative
 static int test_array [1 - 2 * !((int16_t) (((((int16_t) 1 << N) << N) - 1) * 2 + 1)
            ^
configure:5794: $? = 1
configure: failed program was:
| /* confdefs.h */
| #define PACKAGE_NAME "DHCP"
| #define PACKAGE_TARNAME "dhcp"
| #define PACKAGE_VERSION "4.2.7"
| #define PACKAGE_STRING "DHCP 4.2.7"
| #define PACKAGE_BUGREPORT "dhcp-users@isc.org"
| #define PACKAGE_URL ""
| #define PACKAGE "dhcp"
| #define VERSION "4.2.7"
| #define STDC_HEADERS 1
| #define HAVE_SYS_TYPES_H 1
| #define HAVE_SYS_STAT_H 1
| #define HAVE_STDLIB_H 1
| #define HAVE_STRING_H 1
| #define HAVE_MEMORY_H 1
| #define HAVE_STRINGS_H 1
| #define HAVE_INTTYPES_H 1
| #define HAVE_STDINT_H 1
| #define HAVE_UNISTD_H 1
| #define __EXTENSIONS__ 1
| #define _ALL_SOURCE 1
| #define _GNU_SOURCE 1
| #define _POSIX_PTHREAD_SEMANTICS 1
| #define _TANDEM_SOURCE 1
| #define DHCP_BYTE_ORDER LITTLE_ENDIAN
| #define FAILOVER_PROTOCOL 1
| #define ENABLE_EXECUTE 1
| #define TRACING 1
| #define DHCPv6 1
| /* end confdefs.h.  */
| #include <stdio.h>
| #ifdef HAVE_SYS_TYPES_H
| # include <sys/types.h>
| #endif
| #ifdef HAVE_SYS_STAT_H
| # include <sys/stat.h>
| #endif
| #ifdef STDC_HEADERS
| # include <stdlib.h>
| # include <stddef.h>
| #else
| # ifdef HAVE_STDLIB_H
| #  include <stdlib.h>
| # endif
| #endif
| #ifdef HAVE_STRING_H
| # if !defined STDC_HEADERS && defined HAVE_MEMORY_H
| #  include <memory.h>
| # endif
| # include <string.h>
| #endif
| #ifdef HAVE_STRINGS_H
| # include <strings.h>
| #endif
| #ifdef HAVE_INTTYPES_H
| # include <inttypes.h>
| #endif
| #ifdef HAVE_STDINT_H
| # include <stdint.h>
| #endif
| #ifdef HAVE_UNISTD_H
| # include <unistd.h>
| #endif
| 	        enum { N = 16 / 2 - 1 };
| int
| main ()
| {
| static int test_array [1 - 2 * !((int16_t) (((((int16_t) 1 << N) << N) - 1) * 2 + 1)
| 		 < (int16_t) (((((int16_t) 1 << N) << N) - 1) * 2 + 2))];
| test_array [0] = 0;
| return test_array [0];
| 
|   ;
|   return 0;
| }
configure:5794: result: yes
configure:5805: checking for int32_t
configure:5805: gcc -c -g -O2  conftest.c >&5
configure:5805: $? = 0
configure:5805: gcc -c -g -O2  conftest.c >&5
conftest.c: In function 'main':
conftest.c:69:53: warning: integer overflow in expression [-Woverflow]
    < (int32_t) (((((int32_t) 1 << N) << N) - 1) * 2 + 2))];
                                                     ^
conftest.c:68:12: error: storage size of 'test_array' isn't constant
 static int test_array [1 - 2 * !((int32_t) (((((int32_t) 1 << N) << N) - 1) * 2 + 1)
            ^
configure:5805: $? = 1
configure: failed program was:
| /* confdefs.h */
| #define PACKAGE_NAME "DHCP"
| #define PACKAGE_TARNAME "dhcp"
| #define PACKAGE_VERSION "4.2.7"
| #define PACKAGE_STRING "DHCP 4.2.7"
| #define PACKAGE_BUGREPORT "dhcp-users@isc.org"
| #define PACKAGE_URL ""
| #define PACKAGE "dhcp"
| #define VERSION "4.2.7"
| #define STDC_HEADERS 1
| #define HAVE_SYS_TYPES_H 1
| #define HAVE_SYS_STAT_H 1
| #define HAVE_STDLIB_H 1
| #define HAVE_STRING_H 1
| #define HAVE_MEMORY_H 1
| #define HAVE_STRINGS_H 1
| #define HAVE_INTTYPES_H 1
| #define HAVE_STDINT_H 1
| #define HAVE_UNISTD_H 1
| #define __EXTENSIONS__ 1
| #define _ALL_SOURCE 1
| #define _GNU_SOURCE 1
| #define _POSIX_PTHREAD_SEMANTICS 1
| #define _TANDEM_SOURCE 1
| #define DHCP_BYTE_ORDER LITTLE_ENDIAN
| #define FAILOVER_PROTOCOL 1
| #define ENABLE_EXECUTE 1
| #define TRACING 1
| #define DHCPv6 1
| /* end confdefs.h.  */
| #include <stdio.h>
| #ifdef HAVE_SYS_TYPES_H
| # include <sys/types.h>
| #endif
| #ifdef HAVE_SYS_STAT_H
| # include <sys/stat.h>
| #endif
| #ifdef STDC_HEADERS
| # include <stdlib.h>
| # include <stddef.h>
| #else
| # ifdef HAVE_STDLIB_H
| #  include <stdlib.h>
| # endif
| #endif
| #ifdef HAVE_STRING_H
| # if !defined STDC_HEADERS && defined HAVE_MEMORY_H
| #  include <memory.h>
| # endif
| # include <string.h>
| #endif
| #ifdef HAVE_STRINGS_H
| # include <strings.h>
| #endif
| #ifdef HAVE_INTTYPES_H
| # include <inttypes.h>
| #endif
| #ifdef HAVE_STDINT_H
| # include <stdint.h>
| #endif
| #ifdef HAVE_UNISTD_H
| # include <unistd.h>
| #endif
| 	        enum { N = 32 / 2 - 1 };
| int
| main ()
| {
| static int test_array [1 - 2 * !((int32_t) (((((int32_t) 1 << N) << N) - 1) * 2 + 1)
| 		 < (int32_t) (((((int32_t) 1 << N) << N) - 1) * 2 + 2))];
| test_array [0] = 0;
| return test_array [0];
| 
|   ;
|   return 0;
| }
configure:5805: result: yes
configure:5816: checking for int64_t
configure:5816: gcc -c -g -O2  conftest.c >&5
configure:5816: $? = 0
configure:5816: gcc -c -g -O2  conftest.c >&5
conftest.c: In function 'main':
conftest.c:69:53: warning: integer overflow in expression [-Woverflow]
    < (int64_t) (((((int64_t) 1 << N) << N) - 1) * 2 + 2))];
                                                     ^
conftest.c:68:12: error: storage size of 'test_array' isn't constant
 static int test_array [1 - 2 * !((int64_t) (((((int64_t) 1 << N) << N) - 1) * 2 + 1)
            ^
configure:5816: $? = 1
configure: failed program was:
| /* confdefs.h */
| #define PACKAGE_NAME "DHCP"
| #define PACKAGE_TARNAME "dhcp"
| #define PACKAGE_VERSION "4.2.7"
| #define PACKAGE_STRING "DHCP 4.2.7"
| #define PACKAGE_BUGREPORT "dhcp-users@isc.org"
| #define PACKAGE_URL ""
| #define PACKAGE "dhcp"
| #define VERSION "4.2.7"
| #define STDC_HEADERS 1
| #define HAVE_SYS_TYPES_H 1
| #define HAVE_SYS_STAT_H 1
| #define HAVE_STDLIB_H 1
| #define HAVE_STRING_H 1
| #define HAVE_MEMORY_H 1
| #define HAVE_STRINGS_H 1
| #define HAVE_INTTYPES_H 1
| #define HAVE_STDINT_H 1
| #define HAVE_UNISTD_H 1
| #define __EXTENSIONS__ 1
| #define _ALL_SOURCE 1
| #define _GNU_SOURCE 1
| #define _POSIX_PTHREAD_SEMANTICS 1
| #define _TANDEM_SOURCE 1
| #define DHCP_BYTE_ORDER LITTLE_ENDIAN
| #define FAILOVER_PROTOCOL 1
| #define ENABLE_EXECUTE 1
| #define TRACING 1
| #define DHCPv6 1
| /* end confdefs.h.  */
| #include <stdio.h>
| #ifdef HAVE_SYS_TYPES_H
| # include <sys/types.h>
| #endif
| #ifdef HAVE_SYS_STAT_H
| # include <sys/stat.h>
| #endif
| #ifdef STDC_HEADERS
| # include <stdlib.h>
| # include <stddef.h>
| #else
| # ifdef HAVE_STDLIB_H
| #  include <stdlib.h>
| # endif
| #endif
| #ifdef HAVE_STRING_H
| # if !defined STDC_HEADERS && defined HAVE_MEMORY_H
| #  include <memory.h>
| # endif
| # include <string.h>
| #endif
| #ifdef HAVE_STRINGS_H
| # include <strings.h>
| #endif
| #ifdef HAVE_INTTYPES_H
| # include <inttypes.h>
| #endif
| #ifdef HAVE_STDINT_H
| # include <stdint.h>
| #endif
| #ifdef HAVE_UNISTD_H
| # include <unistd.h>
| #endif
| 	        enum { N = 64 / 2 - 1 };
| int
| main ()
| {
| static int test_array [1 - 2 * !((int64_t) (((((int64_t) 1 << N) << N) - 1) * 2 + 1)
| 		 < (int64_t) (((((int64_t) 1 << N) << N) - 1) * 2 + 2))];
| test_array [0] = 0;
| return test_array [0];
| 
|   ;
|   return 0;
| }
configure:5816: result: yes
configure:5829: checking for u_int8_t
configure:5829: gcc -c -g -O2  conftest.c >&5
configure:5829: $? = 0
configure:5829: gcc -c -g -O2  conftest.c >&5
conftest.c: In function 'main':
conftest.c:67:23: error: expected expression before ')' token
 if (sizeof ((u_int8_t)))
                       ^
configure:5829: $? = 1
configure: failed program was:
| /* confdefs.h */
| #define PACKAGE_NAME "DHCP"
| #define PACKAGE_TARNAME "dhcp"
| #define PACKAGE_VERSION "4.2.7"
| #define PACKAGE_STRING "DHCP 4.2.7"
| #define PACKAGE_BUGREPORT "dhcp-users@isc.org"
| #define PACKAGE_URL ""
| #define PACKAGE "dhcp"
| #define VERSION "4.2.7"
| #define STDC_HEADERS 1
| #define HAVE_SYS_TYPES_H 1
| #define HAVE_SYS_STAT_H 1
| #define HAVE_STDLIB_H 1
| #define HAVE_STRING_H 1
| #define HAVE_MEMORY_H 1
| #define HAVE_STRINGS_H 1
| #define HAVE_INTTYPES_H 1
| #define HAVE_STDINT_H 1
| #define HAVE_UNISTD_H 1
| #define __EXTENSIONS__ 1
| #define _ALL_SOURCE 1
| #define _GNU_SOURCE 1
| #define _POSIX_PTHREAD_SEMANTICS 1
| #define _TANDEM_SOURCE 1
| #define DHCP_BYTE_ORDER LITTLE_ENDIAN
| #define FAILOVER_PROTOCOL 1
| #define ENABLE_EXECUTE 1
| #define TRACING 1
| #define DHCPv6 1
| /* end confdefs.h.  */
| #include <stdio.h>
| #ifdef HAVE_SYS_TYPES_H
| # include <sys/types.h>
| #endif
| #ifdef HAVE_SYS_STAT_H
| # include <sys/stat.h>
| #endif
| #ifdef STDC_HEADERS
| # include <stdlib.h>
| # include <stddef.h>
| #else
| # ifdef HAVE_STDLIB_H
| #  include <stdlib.h>
| # endif
| #endif
| #ifdef HAVE_STRING_H
| # if !defined STDC_HEADERS && defined HAVE_MEMORY_H
| #  include <memory.h>
| # endif
| # include <string.h>
| #endif
| #ifdef HAVE_STRINGS_H
| # include <strings.h>
| #endif
| #ifdef HAVE_INTTYPES_H
| # include <inttypes.h>
| #endif
| #ifdef HAVE_STDINT_H
| # include <stdint.h>
| #endif
| #ifdef HAVE_UNISTD_H
| # include <unistd.h>
| #endif
| int
| main ()
| {
| if (sizeof ((u_int8_t)))
| 	    return 0;
|   ;
|   return 0;
| }
configure:5829: result: yes
configure:5854: checking for u_int16_t
configure:5854: gcc -c -g -O2  conftest.c >&5
configure:5854: $? = 0
configure:5854: gcc -c -g -O2  conftest.c >&5
conftest.c: In function 'main':
conftest.c:67:24: error: expected expression before ')' token
 if (sizeof ((u_int16_t)))
                        ^
configure:5854: $? = 1
configure: failed program was:
| /* confdefs.h */
| #define PACKAGE_NAME "DHCP"
| #define PACKAGE_TARNAME "dhcp"
| #define PACKAGE_VERSION "4.2.7"
| #define PACKAGE_STRING "DHCP 4.2.7"
| #define PACKAGE_BUGREPORT "dhcp-users@isc.org"
| #define PACKAGE_URL ""
| #define PACKAGE "dhcp"
| #define VERSION "4.2.7"
| #define STDC_HEADERS 1
| #define HAVE_SYS_TYPES_H 1
| #define HAVE_SYS_STAT_H 1
| #define HAVE_STDLIB_H 1
| #define HAVE_STRING_H 1
| #define HAVE_MEMORY_H 1
| #define HAVE_STRINGS_H 1
| #define HAVE_INTTYPES_H 1
| #define HAVE_STDINT_H 1
| #define HAVE_UNISTD_H 1
| #define __EXTENSIONS__ 1
| #define _ALL_SOURCE 1
| #define _GNU_SOURCE 1
| #define _POSIX_PTHREAD_SEMANTICS 1
| #define _TANDEM_SOURCE 1
| #define DHCP_BYTE_ORDER LITTLE_ENDIAN
| #define FAILOVER_PROTOCOL 1
| #define ENABLE_EXECUTE 1
| #define TRACING 1
| #define DHCPv6 1
| /* end confdefs.h.  */
| #include <stdio.h>
| #ifdef HAVE_SYS_TYPES_H
| # include <sys/types.h>
| #endif
| #ifdef HAVE_SYS_STAT_H
| # include <sys/stat.h>
| #endif
| #ifdef STDC_HEADERS
| # include <stdlib.h>
| # include <stddef.h>
| #else
| # ifdef HAVE_STDLIB_H
| #  include <stdlib.h>
| # endif
| #endif
| #ifdef HAVE_STRING_H
| # if !defined STDC_HEADERS && defined HAVE_MEMORY_H
| #  include <memory.h>
| # endif
| # include <string.h>
| #endif
| #ifdef HAVE_STRINGS_H
| # include <strings.h>
| #endif
| #ifdef HAVE_INTTYPES_H
| # include <inttypes.h>
| #endif
| #ifdef HAVE_STDINT_H
| # include <stdint.h>
| #endif
| #ifdef HAVE_UNISTD_H
| # include <unistd.h>
| #endif
| int
| main ()
| {
| if (sizeof ((u_int16_t)))
| 	    return 0;
|   ;
|   return 0;
| }
configure:5854: result: yes
configure:5877: checking for u_int32_t
configure:5877: gcc -c -g -O2  conftest.c >&5
configure:5877: $? = 0
configure:5877: gcc -c -g -O2  conftest.c >&5
conftest.c: In function 'main':
conftest.c:67:24: error: expected expression before ')' token
 if (sizeof ((u_int32_t)))
                        ^
configure:5877: $? = 1
configure: failed program was:
| /* confdefs.h */
| #define PACKAGE_NAME "DHCP"
| #define PACKAGE_TARNAME "dhcp"
| #define PACKAGE_VERSION "4.2.7"
| #define PACKAGE_STRING "DHCP 4.2.7"
| #define PACKAGE_BUGREPORT "dhcp-users@isc.org"
| #define PACKAGE_URL ""
| #define PACKAGE "dhcp"
| #define VERSION "4.2.7"
| #define STDC_HEADERS 1
| #define HAVE_SYS_TYPES_H 1
| #define HAVE_SYS_STAT_H 1
| #define HAVE_STDLIB_H 1
| #define HAVE_STRING_H 1
| #define HAVE_MEMORY_H 1
| #define HAVE_STRINGS_H 1
| #define HAVE_INTTYPES_H 1
| #define HAVE_STDINT_H 1
| #define HAVE_UNISTD_H 1
| #define __EXTENSIONS__ 1
| #define _ALL_SOURCE 1
| #define _GNU_SOURCE 1
| #define _POSIX_PTHREAD_SEMANTICS 1
| #define _TANDEM_SOURCE 1
| #define DHCP_BYTE_ORDER LITTLE_ENDIAN
| #define FAILOVER_PROTOCOL 1
| #define ENABLE_EXECUTE 1
| #define TRACING 1
| #define DHCPv6 1
| /* end confdefs.h.  */
| #include <stdio.h>
| #ifdef HAVE_SYS_TYPES_H
| # include <sys/types.h>
| #endif
| #ifdef HAVE_SYS_STAT_H
| # include <sys/stat.h>
| #endif
| #ifdef STDC_HEADERS
| # include <stdlib.h>
| # include <stddef.h>
| #else
| # ifdef HAVE_STDLIB_H
| #  include <stdlib.h>
| # endif
| #endif
| #ifdef HAVE_STRING_H
| # if !defined STDC_HEADERS && defined HAVE_MEMORY_H
| #  include <memory.h>
| # endif
| # include <string.h>
| #endif
| #ifdef HAVE_STRINGS_H
| # include <strings.h>
| #endif
| #ifdef HAVE_INTTYPES_H
| # include <inttypes.h>
| #endif
| #ifdef HAVE_STDINT_H
| # include <stdint.h>
| #endif
| #ifdef HAVE_UNISTD_H
| # include <unistd.h>
| #endif
| int
| main ()
| {
| if (sizeof ((u_int32_t)))
| 	    return 0;
|   ;
|   return 0;
| }
configure:5877: result: yes
configure:5902: checking for u_int64_t
configure:5902: gcc -c -g -O2  conftest.c >&5
configure:5902: $? = 0
configure:5902: gcc -c -g -O2  conftest.c >&5
conftest.c: In function 'main':
conftest.c:67:24: error: expected expression before ')' token
 if (sizeof ((u_int64_t)))
                        ^
configure:5902: $? = 1
configure: failed program was:
| /* confdefs.h */
| #define PACKAGE_NAME "DHCP"
| #define PACKAGE_TARNAME "dhcp"
| #define PACKAGE_VERSION "4.2.7"
| #define PACKAGE_STRING "DHCP 4.2.7"
| #define PACKAGE_BUGREPORT "dhcp-users@isc.org"
| #define PACKAGE_URL ""
| #define PACKAGE "dhcp"
| #define VERSION "4.2.7"
| #define STDC_HEADERS 1
| #define HAVE_SYS_TYPES_H 1
| #define HAVE_SYS_STAT_H 1
| #define HAVE_STDLIB_H 1
| #define HAVE_STRING_H 1
| #define HAVE_MEMORY_H 1
| #define HAVE_STRINGS_H 1
| #define HAVE_INTTYPES_H 1
| #define HAVE_STDINT_H 1
| #define HAVE_UNISTD_H 1
| #define __EXTENSIONS__ 1
| #define _ALL_SOURCE 1
| #define _GNU_SOURCE 1
| #define _POSIX_PTHREAD_SEMANTICS 1
| #define _TANDEM_SOURCE 1
| #define DHCP_BYTE_ORDER LITTLE_ENDIAN
| #define FAILOVER_PROTOCOL 1
| #define ENABLE_EXECUTE 1
| #define TRACING 1
| #define DHCPv6 1
| /* end confdefs.h.  */
| #include <stdio.h>
| #ifdef HAVE_SYS_TYPES_H
| # include <sys/types.h>
| #endif
| #ifdef HAVE_SYS_STAT_H
| # include <sys/stat.h>
| #endif
| #ifdef STDC_HEADERS
| # include <stdlib.h>
| # include <stddef.h>
| #else
| # ifdef HAVE_STDLIB_H
| #  include <stdlib.h>
| # endif
| #endif
| #ifdef HAVE_STRING_H
| # if !defined STDC_HEADERS && defined HAVE_MEMORY_H
| #  include <memory.h>
| # endif
| # include <string.h>
| #endif
| #ifdef HAVE_STRINGS_H
| # include <strings.h>
| #endif
| #ifdef HAVE_INTTYPES_H
| # include <inttypes.h>
| #endif
| #ifdef HAVE_STDINT_H
| # include <stdint.h>
| #endif
| #ifdef HAVE_UNISTD_H
| # include <unistd.h>
| #endif
| int
| main ()
| {
| if (sizeof ((u_int64_t)))
| 	    return 0;
|   ;
|   return 0;
| }
configure:5902: result: yes
configure:5931: checking ifaddrs.h usability
configure:5931: gcc -c -g -O2  conftest.c >&5
configure:5931: $? = 0
configure:5931: result: yes
configure:5931: checking ifaddrs.h presence
configure:5931: gcc -E  conftest.c
configure:5931: $? = 0
configure:5931: result: yes
configure:5931: checking for ifaddrs.h
configure:5931: result: yes
configure:5945: checking linux/types.h usability
configure:5945: gcc -c -g -O2  conftest.c >&5
configure:5945: $? = 0
configure:5945: result: yes
configure:5945: checking linux/types.h presence
configure:5945: gcc -E  conftest.c
configure:5945: $? = 0
configure:5945: result: yes
configure:5945: checking for linux/types.h
configure:5945: result: yes
configure:5956: checking for linux/filter.h
configure:5956: gcc -c -g -O2  conftest.c >&5
configure:5956: $? = 0
configure:5956: result: yes
configure:6006: checking for struct lifnum
configure:6023: gcc -c -g -O2  conftest.c >&5
conftest.c: In function 'main':
conftest.c:41:16: error: storage size of 'a' isn't known
  struct lifnum a;
                ^
configure:6023: $? = 1
configure: failed program was:
| /* confdefs.h */
| #define PACKAGE_NAME "DHCP"
| #define PACKAGE_TARNAME "dhcp"
| #define PACKAGE_VERSION "4.2.7"
| #define PACKAGE_STRING "DHCP 4.2.7"
| #define PACKAGE_BUGREPORT "dhcp-users@isc.org"
| #define PACKAGE_URL ""
| #define PACKAGE "dhcp"
| #define VERSION "4.2.7"
| #define STDC_HEADERS 1
| #define HAVE_SYS_TYPES_H 1
| #define HAVE_SYS_STAT_H 1
| #define HAVE_STDLIB_H 1
| #define HAVE_STRING_H 1
| #define HAVE_MEMORY_H 1
| #define HAVE_STRINGS_H 1
| #define HAVE_INTTYPES_H 1
| #define HAVE_STDINT_H 1
| #define HAVE_UNISTD_H 1
| #define __EXTENSIONS__ 1
| #define _ALL_SOURCE 1
| #define _GNU_SOURCE 1
| #define _POSIX_PTHREAD_SEMANTICS 1
| #define _TANDEM_SOURCE 1
| #define DHCP_BYTE_ORDER LITTLE_ENDIAN
| #define FAILOVER_PROTOCOL 1
| #define ENABLE_EXECUTE 1
| #define TRACING 1
| #define DHCPv6 1
| #define HAVE_IFADDRS_H 1
| #define HAVE_LINUX_TYPES_H 1
| #define HAVE_LPF 1
| /* end confdefs.h.  */
|  #include <sys/types.h>
|   #include <sys/socket.h>
|   #include <net/if.h>
| 
| int
| main ()
| {
|  struct lifnum a;
| 
|   ;
|   return 0;
| }
configure:6030: result: no
configure:6035: checking for struct if_laddrconf
configure:6051: gcc -c -g -O2  conftest.c >&5
conftest.c:35:23: fatal error: net/if6.h: No such file or directory
   #include <net/if6.h>
                       ^
compilation terminated.
configure:6051: $? = 1
configure: failed program was:
| /* confdefs.h */
| #define PACKAGE_NAME "DHCP"
| #define PACKAGE_TARNAME "dhcp"
| #define PACKAGE_VERSION "4.2.7"
| #define PACKAGE_STRING "DHCP 4.2.7"
| #define PACKAGE_BUGREPORT "dhcp-users@isc.org"
| #define PACKAGE_URL ""
| #define PACKAGE "dhcp"
| #define VERSION "4.2.7"
| #define STDC_HEADERS 1
| #define HAVE_SYS_TYPES_H 1
| #define HAVE_SYS_STAT_H 1
| #define HAVE_STDLIB_H 1
| #define HAVE_STRING_H 1
| #define HAVE_MEMORY_H 1
| #define HAVE_STRINGS_H 1
| #define HAVE_INTTYPES_H 1
| #define HAVE_STDINT_H 1
| #define HAVE_UNISTD_H 1
| #define __EXTENSIONS__ 1
| #define _ALL_SOURCE 1
| #define _GNU_SOURCE 1
| #define _POSIX_PTHREAD_SEMANTICS 1
| #define _TANDEM_SOURCE 1
| #define DHCP_BYTE_ORDER LITTLE_ENDIAN
| #define FAILOVER_PROTOCOL 1
| #define ENABLE_EXECUTE 1
| #define TRACING 1
| #define DHCPv6 1
| #define HAVE_IFADDRS_H 1
| #define HAVE_LINUX_TYPES_H 1
| #define HAVE_LPF 1
| /* end confdefs.h.  */
|  #include <sys/types.h>
|   #include <net/if6.h>
| 
| int
| main ()
| {
|  struct if_laddrconf a;
| 
|   ;
|   return 0;
| }
configure:6058: result: no
configure:6063: checking for struct if_laddrreq
configure:6079: gcc -o conftest -g -O2   conftest.c  >&5
conftest.c:35:22: fatal error: net/if6.h: No such file or directory
  #include <net/if6.h>
                      ^
compilation terminated.
configure:6079: $? = 1
configure: failed program was:
| /* confdefs.h */
| #define PACKAGE_NAME "DHCP"
| #define PACKAGE_TARNAME "dhcp"
| #define PACKAGE_VERSION "4.2.7"
| #define PACKAGE_STRING "DHCP 4.2.7"
| #define PACKAGE_BUGREPORT "dhcp-users@isc.org"
| #define PACKAGE_URL ""
| #define PACKAGE "dhcp"
| #define VERSION "4.2.7"
| #define STDC_HEADERS 1
| #define HAVE_SYS_TYPES_H 1
| #define HAVE_SYS_STAT_H 1
| #define HAVE_STDLIB_H 1
| #define HAVE_STRING_H 1
| #define HAVE_MEMORY_H 1
| #define HAVE_STRINGS_H 1
| #define HAVE_INTTYPES_H 1
| #define HAVE_STDINT_H 1
| #define HAVE_UNISTD_H 1
| #define __EXTENSIONS__ 1
| #define _ALL_SOURCE 1
| #define _GNU_SOURCE 1
| #define _POSIX_PTHREAD_SEMANTICS 1
| #define _TANDEM_SOURCE 1
| #define DHCP_BYTE_ORDER LITTLE_ENDIAN
| #define FAILOVER_PROTOCOL 1
| #define ENABLE_EXECUTE 1
| #define TRACING 1
| #define DHCPv6 1
| #define HAVE_IFADDRS_H 1
| #define HAVE_LINUX_TYPES_H 1
| #define HAVE_LPF 1
| /* end confdefs.h.  */
| #include <sys/types.h>
|  #include <net/if6.h>
| 
| int
| main ()
| {
|  struct if_laddrreq a;
| 
|   ;
|   return 0;
| }
configure:6086: result: no
configure:6095: checking for GCC noreturn attribute
configure:6108: gcc -c -g -O2  conftest.c >&5
configure:6108: $? = 0
configure:6109: result: yes
configure:6127: checking sys/socket.h usability
configure:6127: gcc -c -g -O2  conftest.c >&5
configure:6127: $? = 0
configure:6127: result: yes
configure:6127: checking sys/socket.h presence
configure:6127: gcc -E  conftest.c
configure:6127: $? = 0
configure:6127: result: yes
configure:6127: checking for sys/socket.h
configure:6127: result: yes
configure:6127: checking net/if_dl.h usability
configure:6127: gcc -c -g -O2  conftest.c >&5
conftest.c:69:23: fatal error: net/if_dl.h: No such file or directory
 #include <net/if_dl.h>
                       ^
compilation terminated.
configure:6127: $? = 1
configure: failed program was:
| /* confdefs.h */
| #define PACKAGE_NAME "DHCP"
| #define PACKAGE_TARNAME "dhcp"
| #define PACKAGE_VERSION "4.2.7"
| #define PACKAGE_STRING "DHCP 4.2.7"
| #define PACKAGE_BUGREPORT "dhcp-users@isc.org"
| #define PACKAGE_URL ""
| #define PACKAGE "dhcp"
| #define VERSION "4.2.7"
| #define STDC_HEADERS 1
| #define HAVE_SYS_TYPES_H 1
| #define HAVE_SYS_STAT_H 1
| #define HAVE_STDLIB_H 1
| #define HAVE_STRING_H 1
| #define HAVE_MEMORY_H 1
| #define HAVE_STRINGS_H 1
| #define HAVE_INTTYPES_H 1
| #define HAVE_STDINT_H 1
| #define HAVE_UNISTD_H 1
| #define __EXTENSIONS__ 1
| #define _ALL_SOURCE 1
| #define _GNU_SOURCE 1
| #define _POSIX_PTHREAD_SEMANTICS 1
| #define _TANDEM_SOURCE 1
| #define DHCP_BYTE_ORDER LITTLE_ENDIAN
| #define FAILOVER_PROTOCOL 1
| #define ENABLE_EXECUTE 1
| #define TRACING 1
| #define DHCPv6 1
| #define HAVE_IFADDRS_H 1
| #define HAVE_LINUX_TYPES_H 1
| #define HAVE_LPF 1
| #define ISC_DHCP_NORETURN __attribute__((noreturn))
| #define HAVE_SYS_SOCKET_H 1
| /* end confdefs.h.  */
| #include <stdio.h>
| #ifdef HAVE_SYS_TYPES_H
| # include <sys/types.h>
| #endif
| #ifdef HAVE_SYS_STAT_H
| # include <sys/stat.h>
| #endif
| #ifdef STDC_HEADERS
| # include <stdlib.h>
| # include <stddef.h>
| #else
| # ifdef HAVE_STDLIB_H
| #  include <stdlib.h>
| # endif
| #endif
| #ifdef HAVE_STRING_H
| # if !defined STDC_HEADERS && defined HAVE_MEMORY_H
| #  include <memory.h>
| # endif
| # include <string.h>
| #endif
| #ifdef HAVE_STRINGS_H
| # include <strings.h>
| #endif
| #ifdef HAVE_INTTYPES_H
| # include <inttypes.h>
| #endif
| #ifdef HAVE_STDINT_H
| # include <stdint.h>
| #endif
| #ifdef HAVE_UNISTD_H
| # include <unistd.h>
| #endif
| #include <net/if_dl.h>
configure:6127: result: no
configure:6127: checking net/if_dl.h presence
configure:6127: gcc -E  conftest.c
conftest.c:36:23: fatal error: net/if_dl.h: No such file or directory
 #include <net/if_dl.h>
                       ^
compilation terminated.
configure:6127: $? = 1
configure: failed program was:
| /* confdefs.h */
| #define PACKAGE_NAME "DHCP"
| #define PACKAGE_TARNAME "dhcp"
| #define PACKAGE_VERSION "4.2.7"
| #define PACKAGE_STRING "DHCP 4.2.7"
| #define PACKAGE_BUGREPORT "dhcp-users@isc.org"
| #define PACKAGE_URL ""
| #define PACKAGE "dhcp"
| #define VERSION "4.2.7"
| #define STDC_HEADERS 1
| #define HAVE_SYS_TYPES_H 1
| #define HAVE_SYS_STAT_H 1
| #define HAVE_STDLIB_H 1
| #define HAVE_STRING_H 1
| #define HAVE_MEMORY_H 1
| #define HAVE_STRINGS_H 1
| #define HAVE_INTTYPES_H 1
| #define HAVE_STDINT_H 1
| #define HAVE_UNISTD_H 1
| #define __EXTENSIONS__ 1
| #define _ALL_SOURCE 1
| #define _GNU_SOURCE 1
| #define _POSIX_PTHREAD_SEMANTICS 1
| #define _TANDEM_SOURCE 1
| #define DHCP_BYTE_ORDER LITTLE_ENDIAN
| #define FAILOVER_PROTOCOL 1
| #define ENABLE_EXECUTE 1
| #define TRACING 1
| #define DHCPv6 1
| #define HAVE_IFADDRS_H 1
| #define HAVE_LINUX_TYPES_H 1
| #define HAVE_LPF 1
| #define ISC_DHCP_NORETURN __attribute__((noreturn))
| #define HAVE_SYS_SOCKET_H 1
| /* end confdefs.h.  */
| #include <net/if_dl.h>
configure:6127: result: no
configure:6127: checking for net/if_dl.h
configure:6127: result: no
configure:6127: checking net/if6.h usability
configure:6127: gcc -c -g -O2  conftest.c >&5
conftest.c:69:21: fatal error: net/if6.h: No such file or directory
 #include <net/if6.h>
                     ^
compilation terminated.
configure:6127: $? = 1
configure: failed program was:
| /* confdefs.h */
| #define PACKAGE_NAME "DHCP"
| #define PACKAGE_TARNAME "dhcp"
| #define PACKAGE_VERSION "4.2.7"
| #define PACKAGE_STRING "DHCP 4.2.7"
| #define PACKAGE_BUGREPORT "dhcp-users@isc.org"
| #define PACKAGE_URL ""
| #define PACKAGE "dhcp"
| #define VERSION "4.2.7"
| #define STDC_HEADERS 1
| #define HAVE_SYS_TYPES_H 1
| #define HAVE_SYS_STAT_H 1
| #define HAVE_STDLIB_H 1
| #define HAVE_STRING_H 1
| #define HAVE_MEMORY_H 1
| #define HAVE_STRINGS_H 1
| #define HAVE_INTTYPES_H 1
| #define HAVE_STDINT_H 1
| #define HAVE_UNISTD_H 1
| #define __EXTENSIONS__ 1
| #define _ALL_SOURCE 1
| #define _GNU_SOURCE 1
| #define _POSIX_PTHREAD_SEMANTICS 1
| #define _TANDEM_SOURCE 1
| #define DHCP_BYTE_ORDER LITTLE_ENDIAN
| #define FAILOVER_PROTOCOL 1
| #define ENABLE_EXECUTE 1
| #define TRACING 1
| #define DHCPv6 1
| #define HAVE_IFADDRS_H 1
| #define HAVE_LINUX_TYPES_H 1
| #define HAVE_LPF 1
| #define ISC_DHCP_NORETURN __attribute__((noreturn))
| #define HAVE_SYS_SOCKET_H 1
| /* end confdefs.h.  */
| #include <stdio.h>
| #ifdef HAVE_SYS_TYPES_H
| # include <sys/types.h>
| #endif
| #ifdef HAVE_SYS_STAT_H
| # include <sys/stat.h>
| #endif
| #ifdef STDC_HEADERS
| # include <stdlib.h>
| # include <stddef.h>
| #else
| # ifdef HAVE_STDLIB_H
| #  include <stdlib.h>
| # endif
| #endif
| #ifdef HAVE_STRING_H
| # if !defined STDC_HEADERS && defined HAVE_MEMORY_H
| #  include <memory.h>
| # endif
| # include <string.h>
| #endif
| #ifdef HAVE_STRINGS_H
| # include <strings.h>
| #endif
| #ifdef HAVE_INTTYPES_H
| # include <inttypes.h>
| #endif
| #ifdef HAVE_STDINT_H
| # include <stdint.h>
| #endif
| #ifdef HAVE_UNISTD_H
| # include <unistd.h>
| #endif
| #include <net/if6.h>
configure:6127: result: no
configure:6127: checking net/if6.h presence
configure:6127: gcc -E  conftest.c
conftest.c:36:21: fatal error: net/if6.h: No such file or directory
 #include <net/if6.h>
                     ^
compilation terminated.
configure:6127: $? = 1
configure: failed program was:
| /* confdefs.h */
| #define PACKAGE_NAME "DHCP"
| #define PACKAGE_TARNAME "dhcp"
| #define PACKAGE_VERSION "4.2.7"
| #define PACKAGE_STRING "DHCP 4.2.7"
| #define PACKAGE_BUGREPORT "dhcp-users@isc.org"
| #define PACKAGE_URL ""
| #define PACKAGE "dhcp"
| #define VERSION "4.2.7"
| #define STDC_HEADERS 1
| #define HAVE_SYS_TYPES_H 1
| #define HAVE_SYS_STAT_H 1
| #define HAVE_STDLIB_H 1
| #define HAVE_STRING_H 1
| #define HAVE_MEMORY_H 1
| #define HAVE_STRINGS_H 1
| #define HAVE_INTTYPES_H 1
| #define HAVE_STDINT_H 1
| #define HAVE_UNISTD_H 1
| #define __EXTENSIONS__ 1
| #define _ALL_SOURCE 1
| #define _GNU_SOURCE 1
| #define _POSIX_PTHREAD_SEMANTICS 1
| #define _TANDEM_SOURCE 1
| #define DHCP_BYTE_ORDER LITTLE_ENDIAN
| #define FAILOVER_PROTOCOL 1
| #define ENABLE_EXECUTE 1
| #define TRACING 1
| #define DHCPv6 1
| #define HAVE_IFADDRS_H 1
| #define HAVE_LINUX_TYPES_H 1
| #define HAVE_LPF 1
| #define ISC_DHCP_NORETURN __attribute__((noreturn))
| #define HAVE_SYS_SOCKET_H 1
| /* end confdefs.h.  */
| #include <net/if6.h>
configure:6127: result: no
configure:6127: checking for net/if6.h
configure:6127: result: no
configure:6127: checking regex.h usability
configure:6127: gcc -c -g -O2  conftest.c >&5
configure:6127: $? = 0
configure:6127: result: yes
configure:6127: checking regex.h presence
configure:6127: gcc -E  conftest.c
configure:6127: $? = 0
configure:6127: result: yes
configure:6127: checking for regex.h
configure:6127: result: yes
configure:6139: checking for library containing socket
configure:6170: gcc -o conftest -g -O2   conftest.c  >&5
configure:6170: $? = 0
configure:6187: result: none required
configure:6195: checking for library containing inet_ntoa
configure:6226: gcc -o conftest -g -O2   conftest.c  >&5
configure:6226: $? = 0
configure:6243: result: none required
configure:6252: checking for library containing inet_aton
configure:6283: gcc -o conftest -g -O2   conftest.c  >&5
configure:6283: $? = 0
configure:6300: result: none required
configure:6314: checking for library containing regcomp
configure:6345: gcc -o conftest -g -O2   conftest.c  >&5
configure:6345: $? = 0
configure:6362: result: none required
configure:6373: checking for strlcat
configure:6373: gcc -o conftest -g -O2   conftest.c  >&5
/tmp/cccGiYMm.o: In function `main':
/opt/micro_ac/apps/dhcp-4.2.7/conftest.c:71: undefined reference to `strlcat'
collect2: error: ld returned 1 exit status
configure:6373: $? = 1
configure: failed program was:
| /* confdefs.h */
| #define PACKAGE_NAME "DHCP"
| #define PACKAGE_TARNAME "dhcp"
| #define PACKAGE_VERSION "4.2.7"
| #define PACKAGE_STRING "DHCP 4.2.7"
| #define PACKAGE_BUGREPORT "dhcp-users@isc.org"
| #define PACKAGE_URL ""
| #define PACKAGE "dhcp"
| #define VERSION "4.2.7"
| #define STDC_HEADERS 1
| #define HAVE_SYS_TYPES_H 1
| #define HAVE_SYS_STAT_H 1
| #define HAVE_STDLIB_H 1
| #define HAVE_STRING_H 1
| #define HAVE_MEMORY_H 1
| #define HAVE_STRINGS_H 1
| #define HAVE_INTTYPES_H 1
| #define HAVE_STDINT_H 1
| #define HAVE_UNISTD_H 1
| #define __EXTENSIONS__ 1
| #define _ALL_SOURCE 1
| #define _GNU_SOURCE 1
| #define _POSIX_PTHREAD_SEMANTICS 1
| #define _TANDEM_SOURCE 1
| #define DHCP_BYTE_ORDER LITTLE_ENDIAN
| #define FAILOVER_PROTOCOL 1
| #define ENABLE_EXECUTE 1
| #define TRACING 1
| #define DHCPv6 1
| #define HAVE_IFADDRS_H 1
| #define HAVE_LINUX_TYPES_H 1
| #define HAVE_LPF 1
| #define ISC_DHCP_NORETURN __attribute__((noreturn))
| #define HAVE_SYS_SOCKET_H 1
| #define HAVE_REGEX_H 1
| /* end confdefs.h.  */
| /* Define strlcat to an innocuous variant, in case <limits.h> declares strlcat.
|    For example, HP-UX 11i <limits.h> declares gettimeofday.  */
| #define strlcat innocuous_strlcat
| 
| /* System header to define __stub macros and hopefully few prototypes,
|     which can conflict with char strlcat (); below.
|     Prefer <limits.h> to <assert.h> if __STDC__ is defined, since
|     <limits.h> exists even on freestanding compilers.  */
| 
| #ifdef __STDC__
| # include <limits.h>
| #else
| # include <assert.h>
| #endif
| 
| #undef strlcat
| 
| /* Override any GCC internal prototype to avoid an error.
|    Use char because int might match the return type of a GCC
|    builtin and then its argument prototype would still apply.  */
| #ifdef __cplusplus
| extern "C"
| #endif
| char strlcat ();
| /* The GNU C library defines this for functions which it implements
|     to always fail with ENOSYS.  Some functions are actually named
|     something starting with __ and the normal name is an alias.  */
| #if defined __stub_strlcat || defined __stub___strlcat
| choke me
| #endif
| 
| int
| main ()
| {
| return strlcat ();
|   ;
|   return 0;
| }
configure:6373: result: no
configure:6384: checking for library containing if_nametoindex
configure:6415: gcc -o conftest -g -O2   conftest.c  >&5
configure:6415: $? = 0
configure:6432: result: none required
configure:6442: checking for /dev/random
configure:6455: result: yes
configure:6465: checking for struct sockaddr.sa_len
configure:6465: gcc -c -g -O2  conftest.c >&5
conftest.c: In function 'main':
conftest.c:44:12: error: 'struct sockaddr' has no member named 'sa_len'
 if (ac_aggr.sa_len)
            ^
configure:6465: $? = 1
configure: failed program was:
| /* confdefs.h */
| #define PACKAGE_NAME "DHCP"
| #define PACKAGE_TARNAME "dhcp"
| #define PACKAGE_VERSION "4.2.7"
| #define PACKAGE_STRING "DHCP 4.2.7"
| #define PACKAGE_BUGREPORT "dhcp-users@isc.org"
| #define PACKAGE_URL ""
| #define PACKAGE "dhcp"
| #define VERSION "4.2.7"
| #define STDC_HEADERS 1
| #define HAVE_SYS_TYPES_H 1
| #define HAVE_SYS_STAT_H 1
| #define HAVE_STDLIB_H 1
| #define HAVE_STRING_H 1
| #define HAVE_MEMORY_H 1
| #define HAVE_STRINGS_H 1
| #define HAVE_INTTYPES_H 1
| #define HAVE_STDINT_H 1
| #define HAVE_UNISTD_H 1
| #define __EXTENSIONS__ 1
| #define _ALL_SOURCE 1
| #define _GNU_SOURCE 1
| #define _POSIX_PTHREAD_SEMANTICS 1
| #define _TANDEM_SOURCE 1
| #define DHCP_BYTE_ORDER LITTLE_ENDIAN
| #define FAILOVER_PROTOCOL 1
| #define ENABLE_EXECUTE 1
| #define TRACING 1
| #define DHCPv6 1
| #define HAVE_IFADDRS_H 1
| #define HAVE_LINUX_TYPES_H 1
| #define HAVE_LPF 1
| #define ISC_DHCP_NORETURN __attribute__((noreturn))
| #define HAVE_SYS_SOCKET_H 1
| #define HAVE_REGEX_H 1
| #define HAVE_DEV_RANDOM 1
| /* end confdefs.h.  */
| #include <sys/socket.h>
| 
| int
| main ()
| {
| static struct sockaddr ac_aggr;
| if (ac_aggr.sa_len)
| return 0;
|   ;
|   return 0;
| }
configure:6465: gcc -c -g -O2  conftest.c >&5
conftest.c: In function 'main':
conftest.c:44:19: error: 'struct sockaddr' has no member named 'sa_len'
 if (sizeof ac_aggr.sa_len)
                   ^
configure:6465: $? = 1
configure: failed program was:
| /* confdefs.h */
| #define PACKAGE_NAME "DHCP"
| #define PACKAGE_TARNAME "dhcp"
| #define PACKAGE_VERSION "4.2.7"
| #define PACKAGE_STRING "DHCP 4.2.7"
| #define PACKAGE_BUGREPORT "dhcp-users@isc.org"
| #define PACKAGE_URL ""
| #define PACKAGE "dhcp"
| #define VERSION "4.2.7"
| #define STDC_HEADERS 1
| #define HAVE_SYS_TYPES_H 1
| #define HAVE_SYS_STAT_H 1
| #define HAVE_STDLIB_H 1
| #define HAVE_STRING_H 1
| #define HAVE_MEMORY_H 1
| #define HAVE_STRINGS_H 1
| #define HAVE_INTTYPES_H 1
| #define HAVE_STDINT_H 1
| #define HAVE_UNISTD_H 1
| #define __EXTENSIONS__ 1
| #define _ALL_SOURCE 1
| #define _GNU_SOURCE 1
| #define _POSIX_PTHREAD_SEMANTICS 1
| #define _TANDEM_SOURCE 1
| #define DHCP_BYTE_ORDER LITTLE_ENDIAN
| #define FAILOVER_PROTOCOL 1
| #define ENABLE_EXECUTE 1
| #define TRACING 1
| #define DHCPv6 1
| #define HAVE_IFADDRS_H 1
| #define HAVE_LINUX_TYPES_H 1
| #define HAVE_LPF 1
| #define ISC_DHCP_NORETURN __attribute__((noreturn))
| #define HAVE_SYS_SOCKET_H 1
| #define HAVE_REGEX_H 1
| #define HAVE_DEV_RANDOM 1
| /* end confdefs.h.  */
| #include <sys/socket.h>
| 
| int
| main ()
| {
| static struct sockaddr ac_aggr;
| if (sizeof ac_aggr.sa_len)
| return 0;
|   ;
|   return 0;
| }
configure:6465: result: no
configure:6479: checking size of struct iaddr *
configure:6484: gcc -o conftest -g -O2   conftest.c  >&5
configure:6484: $? = 0
configure:6484: ./conftest
configure:6484: $? = 0
configure:6502: result: 8
configure:6524: checking for struct msghdr.msg_control
configure:6524: gcc -c -g -O2  conftest.c >&5
configure:6524: $? = 0
configure:6524: result: yes
configure:6741: checking for flexible array members
configure:6764: gcc -c -g -O2  -Wall -Werror -fno-strict-aliasing -I${top_srcdir}/bind/include  conftest.c >&5
configure:6764: $? = 0
configure:6771: result: yes
configure:6894: checking that generated files are newer than configure
configure:6900: result: done
configure:6932: creating ./config.status

## ---------------------- ##
## Running config.status. ##
## ---------------------- ##

This file was extended by DHCP config.status 4.2.7, which was
generated by GNU Autoconf 2.69.  Invocation command line was

  CONFIG_FILES    = 
  CONFIG_HEADERS  = 
  CONFIG_LINKS    = 
  CONFIG_COMMANDS = 
  $ ./config.status 

on localhost.localdomain

config.status:902: creating Makefile
config.status:902: creating client/Makefile
config.status:902: creating common/Makefile
config.status:902: creating common/tests/Makefile
config.status:902: creating dhcpctl/Makefile
config.status:902: creating dst/Makefile
config.status:902: creating includes/Makefile
config.status:902: creating omapip/Makefile
config.status:902: creating relay/Makefile
config.status:902: creating server/Makefile
config.status:902: creating tests/Makefile
config.status:902: creating server/tests/Makefile
config.status:902: creating doc/devel/doxyfile
config.status:902: creating includes/config.h
config.status:1048: includes/config.h is unchanged
config.status:1096: executing depfiles commands

## ---------------- ##
## Cache variables. ##
## ---------------- ##

ac_cv_build=x86_64-unknown-linux-gnu
ac_cv_c_bigendian=no
ac_cv_c_compiler_gnu=yes
ac_cv_c_flexmember=yes
ac_cv_c_int16_t=yes
ac_cv_c_int32_t=yes
ac_cv_c_int64_t=yes
ac_cv_c_int8_t=yes
ac_cv_env_CC_set=
ac_cv_env_CC_value=
ac_cv_env_CFLAGS_set=
ac_cv_env_CFLAGS_value=
ac_cv_env_CPPFLAGS_set=
ac_cv_env_CPPFLAGS_value=
ac_cv_env_CPP_set=
ac_cv_env_CPP_value=
ac_cv_env_LDFLAGS_set=
ac_cv_env_LDFLAGS_value=
ac_cv_env_LIBS_set=
ac_cv_env_LIBS_value=
ac_cv_env_build_alias_set=
ac_cv_env_build_alias_value=
ac_cv_env_host_alias_set=
ac_cv_env_host_alias_value=
ac_cv_env_target_alias_set=
ac_cv_env_target_alias_value=
ac_cv_file__dev_random=yes
ac_cv_func_strlcat=no
ac_cv_header_ifaddrs_h=yes
ac_cv_header_inttypes_h=yes
ac_cv_header_linux_filter_h=yes
ac_cv_header_linux_types_h=yes
ac_cv_header_memory_h=yes
ac_cv_header_minix_config_h=no
ac_cv_header_net_if6_h=no
ac_cv_header_net_if_dl_h=no
ac_cv_header_regex_h=yes
ac_cv_header_stdc=yes
ac_cv_header_stdint_h=yes
ac_cv_header_stdlib_h=yes
ac_cv_header_string_h=yes
ac_cv_header_strings_h=yes
ac_cv_header_sys_socket_h=yes
ac_cv_header_sys_stat_h=yes
ac_cv_header_sys_types_h=yes
ac_cv_header_unistd_h=yes
ac_cv_host=x86_64-unknown-linux-gnu
ac_cv_member_struct_msghdr_msg_control=yes
ac_cv_member_struct_sockaddr_sa_len=no
ac_cv_objext=o
ac_cv_path_EGREP='/usr/bin/grep -E'
ac_cv_path_GREP=/usr/bin/grep
ac_cv_path_install='/usr/bin/install -c'
ac_cv_path_mkdir=/usr/bin/mkdir
ac_cv_prog_AWK=gawk
ac_cv_prog_CPP='gcc -E'
ac_cv_prog_ac_ct_CC=gcc
ac_cv_prog_ac_ct_RANLIB=ranlib
ac_cv_prog_cc_c89=
ac_cv_prog_cc_g=yes
ac_cv_prog_make_make_set=yes
ac_cv_safe_to_define___extensions__=yes
ac_cv_search_if_nametoindex='none required'
ac_cv_search_inet_aton='none required'
ac_cv_search_inet_ntoa='none required'
ac_cv_search_regcomp='none required'
ac_cv_search_socket='none required'
ac_cv_sizeof_struct_iaddr_p=8
ac_cv_type_u_int16_t=yes
ac_cv_type_u_int32_t=yes
ac_cv_type_u_int64_t=yes
ac_cv_type_u_int8_t=yes
am_cv_CC_dependencies_compiler_type=gcc3
am_cv_make_support_nested_variables=yes
am_cv_prog_cc_c_o=yes

## ----------------- ##
## Output variables. ##
## ----------------- ##

ACLOCAL='${SHELL} /opt/micro_ac/apps/dhcp-4.2.7/missing aclocal-1.14'
AMDEPBACKSLASH='\'
AMDEP_FALSE='#'
AMDEP_TRUE=''
AMTAR='$${TAR-tar}'
AM_BACKSLASH='\'
AM_DEFAULT_V='$(AM_DEFAULT_VERBOSITY)'
AM_DEFAULT_VERBOSITY='1'
AM_V='$(V)'
ATF_CFLAGS=''
ATF_LDFLAGS=''
AUTOCONF='${SHELL} /opt/micro_ac/apps/dhcp-4.2.7/missing autoconf'
AUTOHEADER='${SHELL} /opt/micro_ac/apps/dhcp-4.2.7/missing autoheader'
AUTOMAKE='${SHELL} /opt/micro_ac/apps/dhcp-4.2.7/missing automake-1.14'
AWK='gawk'
CC='gcc'
CCDEPMODE='depmode=gcc3'
CFLAGS='-g -O2  -Wall -Werror -fno-strict-aliasing -I${top_srcdir}/bind/include'
CPP='gcc -E'
CPPFLAGS=''
CYGPATH_W='echo'
DEFS='-DHAVE_CONFIG_H'
DEPDIR='.deps'
ECHO_C=''
ECHO_N='-n'
ECHO_T=''
EGREP='/usr/bin/grep -E'
EXEEXT=''
GREP='/usr/bin/grep'
HAVE_ATF_FALSE=''
HAVE_ATF_TRUE='#'
INSTALL_DATA='${INSTALL} -m 644'
INSTALL_PROGRAM='${INSTALL}'
INSTALL_SCRIPT='${INSTALL}'
INSTALL_STRIP_PROGRAM='$(install_sh) -c -s'
LDAP_CFLAGS=''
LDFLAGS=''
LIBOBJS=''
LIBS=''
LTLIBOBJS=''
MAINT='#'
MAINTAINER_MODE_FALSE=''
MAINTAINER_MODE_TRUE='#'
MAKEINFO='${SHELL} /opt/micro_ac/apps/dhcp-4.2.7/missing makeinfo'
MKDIR_P='/usr/bin/mkdir -p'
OBJEXT='o'
PACKAGE='dhcp'
PACKAGE_BUGREPORT='dhcp-users@isc.org'
PACKAGE_NAME='DHCP'
PACKAGE_STRING='DHCP 4.2.7'
PACKAGE_TARNAME='dhcp'
PACKAGE_URL=''
PACKAGE_VERSION='4.2.7'
PATH_SEPARATOR=':'
RANLIB='ranlib'
SET_MAKE=''
SHELL='/bin/sh'
STRIP=''
VERSION='4.2.7'
ac_ct_CC='gcc'
ac_prefix_program=''
am__EXEEXT_FALSE=''
am__EXEEXT_TRUE='#'
am__fastdepCC_FALSE='#'
am__fastdepCC_TRUE=''
am__include='include'
am__isrc=''
am__leading_dot='.'
am__nodep='_no'
am__quote=''
am__tar='$${TAR-tar} chof - "$$tardir"'
am__untar='$${TAR-tar} xf -'
bindir='${exec_prefix}/bin'
build='x86_64-unknown-linux-gnu'
build_alias=''
build_cpu='x86_64'
build_os='linux-gnu'
build_vendor='unknown'
byte_order='LITTLE_ENDIAN'
datadir='${datarootdir}'
datarootdir='${prefix}/share'
docdir='${datarootdir}/doc/${PACKAGE_TARNAME}'
dvidir='${docdir}'
exec_prefix='${prefix}'
host='x86_64-unknown-linux-gnu'
host_alias=''
host_cpu='x86_64'
host_os='linux-gnu'
host_vendor='unknown'
htmldir='${docdir}'
includedir='${prefix}/include'
infodir='${datarootdir}/info'
install_sh='${SHELL} /opt/micro_ac/apps/dhcp-4.2.7/install-sh'
libdir='${exec_prefix}/lib'
libexecdir='${exec_prefix}/libexec'
localedir='${datarootdir}/locale'
localstatedir='/var'
mandir='${datarootdir}/man'
mkdir_p='$(MKDIR_P)'
oldincludedir='/usr/include'
pdfdir='${docdir}'
prefix='/opt/micro_ac/runtime/dhcpd'
program_transform_name='s,x,x,'
psdir='${docdir}'
sbindir='${exec_prefix}/sbin'
sharedstatedir='${prefix}/com'
sysconfdir='${prefix}/etc'
target_alias=''

## ----------- ##
## confdefs.h. ##
## ----------- ##

/* confdefs.h */
#define PACKAGE_NAME "DHCP"
#define PACKAGE_TARNAME "dhcp"
#define PACKAGE_VERSION "4.2.7"
#define PACKAGE_STRING "DHCP 4.2.7"
#define PACKAGE_BUGREPORT "dhcp-users@isc.org"
#define PACKAGE_URL ""
#define PACKAGE "dhcp"
#define VERSION "4.2.7"
#define STDC_HEADERS 1
#define HAVE_SYS_TYPES_H 1
#define HAVE_SYS_STAT_H 1
#define HAVE_STDLIB_H 1
#define HAVE_STRING_H 1
#define HAVE_MEMORY_H 1
#define HAVE_STRINGS_H 1
#define HAVE_INTTYPES_H 1
#define HAVE_STDINT_H 1
#define HAVE_UNISTD_H 1
#define __EXTENSIONS__ 1
#define _ALL_SOURCE 1
#define _GNU_SOURCE 1
#define _POSIX_PTHREAD_SEMANTICS 1
#define _TANDEM_SOURCE 1
#define DHCP_BYTE_ORDER LITTLE_ENDIAN
#define FAILOVER_PROTOCOL 1
#define ENABLE_EXECUTE 1
#define TRACING 1
#define DHCPv6 1
#define HAVE_IFADDRS_H 1
#define HAVE_LINUX_TYPES_H 1
#define HAVE_LPF 1
#define ISC_DHCP_NORETURN __attribute__((noreturn))
#define HAVE_SYS_SOCKET_H 1
#define HAVE_REGEX_H 1
#define HAVE_DEV_RANDOM 1
#define SIZEOF_STRUCT_IADDR_P 8
#define FLEXIBLE_ARRAY_MEMBER /**/

configure: exit 0
